<?xml version="1.0" encoding="utf-8"?><testsuites name="pytest tests"><testsuite name="pytest" errors="0" failures="0" skipped="0" tests="8" time="6.663" timestamp="2026-07-07T19:55:37.671201+00:00" hostname="agent-env-5e5df9f8-312b-4bd7-9afb-74e458a35833"><testcase classname="tests.test_iter2_features.TestRateLimitSanity" name="test_normal_context_pack_calls_not_limited" time="1.414" /><testcase classname="tests.test_iter2_features.TestExportBundles" name="test_instant_export_regression" time="0.794" /><testcase classname="tests.test_iter2_features.TestExportBundles" name="test_create_bundle_returns_metadata" time="2.608" /><testcase classname="tests.test_iter2_features.TestRateLimitSanity" name="test_normal_search_calls_not_limited" time="0.634" /><testcase classname="tests.test_iter2_features.TestExportBundles" name="test_list_bundles_newest_first" time="1.627" /><testcase classname="tests.test_iter2_features.TestExportBundles" name="test_download_bundle_returns_full_json" time="0.414" /><testcase classname="tests.test_iter2_features.TestExportBundles" name="test_bundle_vault_isolation" time="0.550" /><testcase classname="tests.test_iter2_features.TestExportBundles" name="test_download_unknown_bundle_404" time="0.153" /></testsuite></testsuites>