<?xml version="1.0" encoding="utf-8"?><testsuites name="pytest tests"><testsuite name="pytest" errors="0" failures="0" skipped="0" tests="25" time="11.366" timestamp="2026-07-07T19:32:56.133009+00:00" hostname="agent-env-5e5df9f8-312b-4bd7-9afb-74e458a35833"><testcase classname="tests.test_memoryvault.TestMCP" name="test_initialize" time="0.333" /><testcase classname="tests.test_memoryvault.TestAuth" name="test_root_health" time="0.280" /><testcase classname="tests.test_memoryvault.TestMCP" name="test_tools_list_has_six_tools" time="0.322" /><testcase classname="tests.test_memoryvault.TestMCP" name="test_tools_call_without_auth_returns_401" time="0.101" /><testcase classname="tests.test_memoryvault.TestAuth" name="test_register_and_me" time="0.494" /><testcase classname="tests.test_memoryvault.TestAuth" name="test_login_seeded_admin" time="0.565" /><testcase classname="tests.test_memoryvault.TestMCP" name="test_tools_call_with_valid_token" time="3.930" /><testcase classname="tests.test_memoryvault.TestAuth" name="test_login_wrong_password" time="0.569" /><testcase classname="tests.test_memoryvault.TestAuth" name="test_me_no_token" time="0.103" /><testcase classname="tests.test_memoryvault.TestAuth" name="test_duplicate_registration" time="0.146" /><testcase classname="tests.test_memoryvault.TestIngestionAndExtraction" name="test_save_memory_extracts_facts" time="3.192" /><testcase classname="tests.test_memoryvault.TestMCP" name="test_notifications_return_202" time="0.121" /><testcase classname="tests.test_memoryvault.TestMCP" name="test_mcp_token_regenerate_invalidates_old" time="0.932" /><testcase classname="tests.test_memoryvault.TestIngestionAndExtraction" name="test_facts_filter_all" time="0.119" /><testcase classname="tests.test_memoryvault.TestIngestionAndExtraction" name="test_facts_filter_active" time="0.158" /><testcase classname="tests.test_memoryvault.TestIngestionAndExtraction" name="test_facts_filter_pending" time="0.153" /><testcase classname="tests.test_memoryvault.TestRetrievalAndContextPack" name="test_search_returns_scored_facts" time="0.118" /><testcase classname="tests.test_memoryvault.TestPendingFlow" name="test_confirm_and_reject" time="2.909" /><testcase classname="tests.test_memoryvault.TestRetrievalAndContextPack" name="test_context_pack_respects_budget" time="0.126" /><testcase classname="tests.test_memoryvault.TestRetrievalAndContextPack" name="test_context_pack_validation" time="0.155" /><testcase classname="tests.test_memoryvault.TestSupersession" name="test_supersession_flow" time="4.069" /><testcase classname="tests.test_memoryvault.TestPendingFlow" name="test_confirm_missing_fact" time="0.109" /><testcase classname="tests.test_memoryvault.TestDecayAndExport" name="test_decay" time="0.123" /><testcase classname="tests.test_memoryvault.TestDecayAndExport" name="test_export" time="0.151" /><testcase classname="tests.test_memoryvault.TestVaultIsolation" name="test_user_a_cannot_see_user_b_facts" time="0.490" /></testsuite></testsuites>